<?xml version="1.0" encoding="UTF-8"?>
<testsuite name="PasswordCheckerTest" tests="2" skipped="0" failures="0" errors="0" timestamp="2019-12-07T17:39:19" hostname="DESKTOP-RRI56AB" time="0.03">
  <properties/>
  <testcase name="passwordIsValid()" classname="PasswordCheckerTest" time="0.025"/>
  <testcase name="passwordIsOk()" classname="PasswordCheckerTest" time="0.002"/>
  <system-out><![CDATA[]]></system-out>
  <system-err><![CDATA[]]></system-err>
</testsuite>
